<?xml version="1.0" encoding="UTF-8"?><testsuite errors="1" failures="0" name="retormar las automatizaciones con la pagna de facebook" skipped="0" tests="1" time="4.78" timestamp="2023-01-10 10:25:38"><testcase name="ya que me encuentro en la pagina iniciare sesion y buscare informacion correspondiente"><error type="java.lang.NullPointerException"/><system-err>null&#13;
com.google.common.base.Preconditions.checkNotNull(Preconditions.java:882)&#13;
com.devcognitio.screenplay.avianca.features.step_definitions.FaceboockPracticeStepDefinitions.que_me_encuentro_en_la_plataforma_de_inico_de_sesion_con_la_url_https_www_facebook_com(FaceboockPracticeStepDefinitions.java:25)&#13;
✽.que me encuentro en la plataforma de inico de sesion con la url https://www.facebook.com/(src/test/resources/features/consulta_de_tiquetes/facebook_retro.feature:6)&#13;
</system-err></testcase></testsuite>