<?xml version="1.0" encoding="UTF-8" standalone="no"?><testsuite errors="1" failures="0" name="Buscar información bíblica." skipped="0" tests="1" time="3.91" timestamp="2023-01-10 05:38:20"><testcase name="deseo encontrar revistas de la organizacion en jw.org"><error type="java.lang.NullPointerException"/><system-err>null&#13;
com.google.common.base.Preconditions.checkNotNull(Preconditions.java:889)&#13;
com.devcognitio.screenplay.avianca.features.step_definitions.InformacionBiblicaStepDefinitions.el_usuario_fue_capaz_de_abrir_la_pagina_https_www_jw_org_es(InformacionBiblicaStepDefinitions.java:25)&#13;
✽.el usuario fue capaz de abrir la pagina https://www.jw.org/es/(file:///C:/Workspace/practica_screen_play/serenity-cucumber-gradle-screenplay/src/test/resources/features/consulta_de_tiquetes/informacion.feature:10)&#13;
</system-err></testcase></testsuite>